<?xml version="1.0" encoding="UTF-8"?>
<!-- Generated by org.testng.reporters.JUnitReportReporter -->
<testsuite skipped="0" hostname="DESKTOP-KDL0RR6" name="Testcases.Railway.TC14" tests="1" failures="0" timestamp="2022-01-05T13:39:15 ICT" time="9.217" errors="0">
  <testcase name="TC14" time="9.217" classname="Testcases.Railway.TC14"/>
  <system-out/>
</testsuite> <!-- Testcases.Railway.TC14 -->
