<?xml version="1.0" encoding="UTF-8"?>
<!-- Generated by org.testng.reporters.JUnitReportReporter -->
<testsuite skipped="0" hostname="DESKTOP-KDL0RR6" name="Testcases.Railway.TC04" tests="1" failures="0" timestamp="2022-01-05T18:35:21 ICT" time="7.139" errors="0">
  <testcase name="TC04" time="7.139" classname="Testcases.Railway.TC04"/>
  <system-out/>
</testsuite> <!-- Testcases.Railway.TC04 -->
