<?xml version="1.0" encoding="UTF-8"?>
<!-- Generated by org.testng.reporters.JUnitReportReporter -->
<testsuite skipped="0" hostname="DESKTOP-KDL0RR6" name="Testcases.Railway.TC08" tests="1" failures="0" timestamp="2022-01-05T11:51:11 ICT" time="6.702" errors="0">
  <testcase name="TC08" time="6.702" classname="Testcases.Railway.TC08"/>
  <system-out/>
</testsuite> <!-- Testcases.Railway.TC08 -->
