<?xml version="1.0" encoding="UTF-8"?>
<!-- Generated by org.testng.reporters.JUnitReportReporter -->
<testsuite skipped="0" hostname="DESKTOP-KDL0RR6" name="Testcases.Railway.TC17" tests="1" failures="0" timestamp="2022-01-05T18:35:21 ICT" time="13.748" errors="0">
  <testcase name="TC17" time="13.748" classname="Testcases.Railway.TC17"/>
  <system-out/>
</testsuite> <!-- Testcases.Railway.TC17 -->
