<?xml version="1.0" encoding="UTF-8"?>
<!-- Generated by org.testng.reporters.JUnitReportReporter -->
<testsuite skipped="0" hostname="DESKTOP-KDL0RR6" name="Testcases.Railway.TC09" tests="1" failures="0" timestamp="2022-01-05T13:39:15 ICT" time="8.834" errors="0">
  <testcase name="TC09" time="8.834" classname="Testcases.Railway.TC09"/>
  <system-out/>
</testsuite> <!-- Testcases.Railway.TC09 -->
