<?xml version="1.0" encoding="UTF-8"?>
<!-- Generated by org.testng.reporters.JUnitReportReporter -->
<testsuite skipped="0" hostname="DESKTOP-KDL0RR6" name="Testcases.Railway.TC02" tests="1" failures="0" timestamp="2022-01-05T18:35:21 ICT" time="5.640" errors="0">
  <testcase name="TC02" time="5.640" classname="Testcases.Railway.TC02"/>
  <system-out/>
</testsuite> <!-- Testcases.Railway.TC02 -->
