<?xml version="1.0" encoding="UTF-8"?>
<!-- Generated by org.testng.reporters.JUnitReportReporter -->
<testsuite skipped="0" hostname="DESKTOP-KDL0RR6" name="Testcases.Railway.TC06" tests="1" failures="0" timestamp="2022-01-05T13:39:15 ICT" time="7.994" errors="0">
  <testcase name="TC06" time="7.994" classname="Testcases.Railway.TC06"/>
  <system-out/>
</testsuite> <!-- Testcases.Railway.TC06 -->
